<?xml version='1.0' encoding='UTF-8'?><qti-assessment-test identifier="100" title="100" xmlns="http://www.imsglobal.org/xsd/imsqtiasi_v3p0" xmlns:xsi="http://www.w3.org/2001/XMLSchema-instance" xsi:schemaLocatio="http://www.imsglobal.org/xsd/imsqtiasi_v3p0 https://purl.imsglobal.org/spec/qti/v3p0/schema/xsd/imsqti_asiv3p0_v1p0.xsd">
<qti-test-part identifier="Part 1" navigation-mode="linear" submission-mode="individual">
<qti-assessment-section identifier="set" title="Section 1" visible="true">
<qti-selection select="2"> <qti-assessment-item-ref href="100-1.xml" identifier="1"/> <qti-assessment-item-ref href="100-2.xml" identifier="2"/> <qti-assessment-item-ref href="100-3.xml" identifier="3"/> <qti-assessment-item-ref href="100-4.xml" identifier="4"/> <qti-assessment-item-ref href="100-5.xml" identifier="5"/> <qti-assessment-item-ref href="100-6.xml" identifier="6"/></qti-selection>
</qti-assessment-section>
</qti-test-part>
</qti-assessment-test>